Determining if the pthread_create exist failed with the following output:
Change Dir: /home/mapping/catkin_ws/build/CMakeFiles/CMakeTmp

Run Build Command:"/usr/bin/make" "cmTC_db417/fast"
/usr/bin/make -f CMakeFiles/cmTC_db417.dir/build.make CMakeFiles/cmTC_db417.dir/build
make[1]: Entering directory '/home/mapping/catkin_ws/build/CMakeFiles/CMakeTmp'
Building C object CMakeFiles/cmTC_db417.dir/CheckSymbolExists.c.o
/usr/bin/cc    -o CMakeFiles/cmTC_db417.dir/CheckSymbolExists.c.o   -c /home/mapping/catkin_ws/build/CMakeFiles/CMakeTmp/CheckSymbolExists.c
Linking C executable cmTC_db417
/usr/bin/cmake -E cmake_link_script CMakeFiles/cmTC_db417.dir/link.txt --verbose=1
/usr/bin/cc      -rdynamic CMakeFiles/cmTC_db417.dir/CheckSymbolExists.c.o  -o cmTC_db417 
CMakeFiles/cmTC_db417.dir/CheckSymbolExists.c.o: In function `main':
CheckSymbolExists.c:(.text+0x14): undefined reference to `pthread_create'
CheckSymbolExists.c:(.text+0x18): undefined reference to `pthread_create'
collect2: error: ld returned 1 exit status
CMakeFiles/cmTC_db417.dir/build.make:97: recipe for target 'cmTC_db417' failed
make[1]: *** [cmTC_db417] Error 1
make[1]: Leaving directory '/home/mapping/catkin_ws/build/CMakeFiles/CMakeTmp'
Makefile:126: recipe for target 'cmTC_db417/fast' failed
make: *** [cmTC_db417/fast] Error 2

File /home/mapping/catkin_ws/build/CMakeFiles/CMakeTmp/CheckSymbolExists.c:
/* */
#include <pthread.h>

int main(int argc, char** argv)
{
  (void)argv;
#ifndef pthread_create
  return ((int*)(&pthread_create))[argc];
#else
  (void)argc;
  return 0;
#endif
}

Determining if the function pthread_create exists in the pthreads failed with the following output:
Change Dir: /home/mapping/catkin_ws/build/CMakeFiles/CMakeTmp

Run Build Command:"/usr/bin/make" "cmTC_58152/fast"
/usr/bin/make -f CMakeFiles/cmTC_58152.dir/build.make CMakeFiles/cmTC_58152.dir/build
make[1]: Entering directory '/home/mapping/catkin_ws/build/CMakeFiles/CMakeTmp'
Building C object CMakeFiles/cmTC_58152.dir/CheckFunctionExists.c.o
/usr/bin/cc   -DCHECK_FUNCTION_EXISTS=pthread_create   -o CMakeFiles/cmTC_58152.dir/CheckFunctionExists.c.o   -c /usr/share/cmake-3.10/Modules/CheckFunctionExists.c
Linking C executable cmTC_58152
/usr/bin/cmake -E cmake_link_script CMakeFiles/cmTC_58152.dir/link.txt --verbose=1
/usr/bin/cc  -DCHECK_FUNCTION_EXISTS=pthread_create    -rdynamic CMakeFiles/cmTC_58152.dir/CheckFunctionExists.c.o  -o cmTC_58152 -lpthreads 
/usr/bin/ld: cannot find -lpthreads
collect2: error: ld returned 1 exit status
CMakeFiles/cmTC_58152.dir/build.make:97: recipe for target 'cmTC_58152' failed
make[1]: *** [cmTC_58152] Error 1
make[1]: Leaving directory '/home/mapping/catkin_ws/build/CMakeFiles/CMakeTmp'
Makefile:126: recipe for target 'cmTC_58152/fast' failed
make: *** [cmTC_58152/fast] Error 2


Determining if the Q_WS_WIN exist failed with the following output:
Change Dir: /home/mapping/catkin_ws/build/CMakeFiles/CMakeTmp

Run Build Command:"/usr/bin/make" "cmTC_b94e2/fast"
/usr/bin/make -f CMakeFiles/cmTC_b94e2.dir/build.make CMakeFiles/cmTC_b94e2.dir/build
make[1]: Entering directory '/home/mapping/catkin_ws/build/CMakeFiles/CMakeTmp'
Building CXX object CMakeFiles/cmTC_b94e2.dir/CheckSymbolExists.cxx.o
/usr/bin/c++   -I/usr/include/qt4   -o CMakeFiles/cmTC_b94e2.dir/CheckSymbolExists.cxx.o -c /home/mapping/catkin_ws/build/CMakeFiles/CMakeTmp/CheckSymbolExists.cxx
/home/mapping/catkin_ws/build/CMakeFiles/CMakeTmp/CheckSymbolExists.cxx: In function ‘int main(int, char**)’:
/home/mapping/catkin_ws/build/CMakeFiles/CMakeTmp/CheckSymbolExists.cxx:8:19: error: ‘Q_WS_WIN’ was not declared in this scope
   return ((int*)(&Q_WS_WIN))[argc];
                   ^~~~~~~~
/home/mapping/catkin_ws/build/CMakeFiles/CMakeTmp/CheckSymbolExists.cxx:8:19: note: suggested alternative: ‘Q_WS_X11’
   return ((int*)(&Q_WS_WIN))[argc];
                   ^~~~~~~~
                   Q_WS_X11
CMakeFiles/cmTC_b94e2.dir/build.make:65: recipe for target 'CMakeFiles/cmTC_b94e2.dir/CheckSymbolExists.cxx.o' failed
make[1]: *** [CMakeFiles/cmTC_b94e2.dir/CheckSymbolExists.cxx.o] Error 1
make[1]: Leaving directory '/home/mapping/catkin_ws/build/CMakeFiles/CMakeTmp'
Makefile:126: recipe for target 'cmTC_b94e2/fast' failed
make: *** [cmTC_b94e2/fast] Error 2

File /home/mapping/catkin_ws/build/CMakeFiles/CMakeTmp/CheckSymbolExists.cxx:
/* */
#include <QtCore/qglobal.h>

int main(int argc, char** argv)
{
  (void)argv;
#ifndef Q_WS_WIN
  return ((int*)(&Q_WS_WIN))[argc];
#else
  (void)argc;
  return 0;
#endif
}

Determining if the Q_WS_QWS exist failed with the following output:
Change Dir: /home/mapping/catkin_ws/build/CMakeFiles/CMakeTmp

Run Build Command:"/usr/bin/make" "cmTC_edcc8/fast"
/usr/bin/make -f CMakeFiles/cmTC_edcc8.dir/build.make CMakeFiles/cmTC_edcc8.dir/build
make[1]: Entering directory '/home/mapping/catkin_ws/build/CMakeFiles/CMakeTmp'
Building CXX object CMakeFiles/cmTC_edcc8.dir/CheckSymbolExists.cxx.o
/usr/bin/c++   -I/usr/include/qt4   -o CMakeFiles/cmTC_edcc8.dir/CheckSymbolExists.cxx.o -c /home/mapping/catkin_ws/build/CMakeFiles/CMakeTmp/CheckSymbolExists.cxx
/home/mapping/catkin_ws/build/CMakeFiles/CMakeTmp/CheckSymbolExists.cxx: In function ‘int main(int, char**)’:
/home/mapping/catkin_ws/build/CMakeFiles/CMakeTmp/CheckSymbolExists.cxx:8:19: error: ‘Q_WS_QWS’ was not declared in this scope
   return ((int*)(&Q_WS_QWS))[argc];
                   ^~~~~~~~
/home/mapping/catkin_ws/build/CMakeFiles/CMakeTmp/CheckSymbolExists.cxx:8:19: note: suggested alternative: ‘Q_WS_X11’
   return ((int*)(&Q_WS_QWS))[argc];
                   ^~~~~~~~
                   Q_WS_X11
CMakeFiles/cmTC_edcc8.dir/build.make:65: recipe for target 'CMakeFiles/cmTC_edcc8.dir/CheckSymbolExists.cxx.o' failed
make[1]: *** [CMakeFiles/cmTC_edcc8.dir/CheckSymbolExists.cxx.o] Error 1
make[1]: Leaving directory '/home/mapping/catkin_ws/build/CMakeFiles/CMakeTmp'
Makefile:126: recipe for target 'cmTC_edcc8/fast' failed
make: *** [cmTC_edcc8/fast] Error 2

File /home/mapping/catkin_ws/build/CMakeFiles/CMakeTmp/CheckSymbolExists.cxx:
/* */
#include <QtCore/qglobal.h>

int main(int argc, char** argv)
{
  (void)argv;
#ifndef Q_WS_QWS
  return ((int*)(&Q_WS_QWS))[argc];
#else
  (void)argc;
  return 0;
#endif
}

Determining if the Q_WS_MAC exist failed with the following output:
Change Dir: /home/mapping/catkin_ws/build/CMakeFiles/CMakeTmp

Run Build Command:"/usr/bin/make" "cmTC_df5a0/fast"
/usr/bin/make -f CMakeFiles/cmTC_df5a0.dir/build.make CMakeFiles/cmTC_df5a0.dir/build
make[1]: Entering directory '/home/mapping/catkin_ws/build/CMakeFiles/CMakeTmp'
Building CXX object CMakeFiles/cmTC_df5a0.dir/CheckSymbolExists.cxx.o
/usr/bin/c++   -I/usr/include/qt4   -o CMakeFiles/cmTC_df5a0.dir/CheckSymbolExists.cxx.o -c /home/mapping/catkin_ws/build/CMakeFiles/CMakeTmp/CheckSymbolExists.cxx
/home/mapping/catkin_ws/build/CMakeFiles/CMakeTmp/CheckSymbolExists.cxx: In function ‘int main(int, char**)’:
/home/mapping/catkin_ws/build/CMakeFiles/CMakeTmp/CheckSymbolExists.cxx:8:19: error: ‘Q_WS_MAC’ was not declared in this scope
   return ((int*)(&Q_WS_MAC))[argc];
                   ^~~~~~~~
/home/mapping/catkin_ws/build/CMakeFiles/CMakeTmp/CheckSymbolExists.cxx:8:19: note: suggested alternative: ‘Q_WS_X11’
   return ((int*)(&Q_WS_MAC))[argc];
                   ^~~~~~~~
                   Q_WS_X11
CMakeFiles/cmTC_df5a0.dir/build.make:65: recipe for target 'CMakeFiles/cmTC_df5a0.dir/CheckSymbolExists.cxx.o' failed
make[1]: *** [CMakeFiles/cmTC_df5a0.dir/CheckSymbolExists.cxx.o] Error 1
make[1]: Leaving directory '/home/mapping/catkin_ws/build/CMakeFiles/CMakeTmp'
Makefile:126: recipe for target 'cmTC_df5a0/fast' failed
make: *** [cmTC_df5a0/fast] Error 2

File /home/mapping/catkin_ws/build/CMakeFiles/CMakeTmp/CheckSymbolExists.cxx:
/* */
#include <QtCore/qglobal.h>

int main(int argc, char** argv)
{
  (void)argv;
#ifndef Q_WS_MAC
  return ((int*)(&Q_WS_MAC))[argc];
#else
  (void)argc;
  return 0;
#endif
}

